
  .   ____          _            __ _ _
 /\\ / ___'_ __ _ _(_)_ __  __ _ \ \ \ \
( ( )\___ | '_ | '_| | '_ \/ _` | \ \ \ \
 \\/  ___)| |_)| | | | | || (_| |  ) ) ) )
  '  |____| .__|_| |_|_| |_\__, | / / / /
 =========|_|==============|___/=/_/_/_/
 :: Spring Boot ::                (v2.4.3)

2021-02-21 13:53:22.881  INFO 34467 --- [           main] com.example.demo.DemoApplication         : Starting DemoApplication v0.0.1-SNAPSHOT using Java 11.0.8 on Blady.local with PID 34467 (/Users/albatross/Downloads/termometer/target/demo-0.0.1-SNAPSHOT.jar started by albatross in /Users/albatross/Downloads/termometer)
2021-02-21 13:53:22.884  INFO 34467 --- [           main] com.example.demo.DemoApplication         : No active profile set, falling back to default profiles: default
2021-02-21 13:53:23.815  INFO 34467 --- [           main] o.s.b.w.embedded.tomcat.TomcatWebServer  : Tomcat initialized with port(s): 8081 (http)
2021-02-21 13:53:23.826  INFO 34467 --- [           main] o.apache.catalina.core.StandardService   : Starting service [Tomcat]
2021-02-21 13:53:23.826  INFO 34467 --- [           main] org.apache.catalina.core.StandardEngine  : Starting Servlet engine: [Apache Tomcat/9.0.43]
2021-02-21 13:53:23.877  INFO 34467 --- [           main] o.a.c.c.C.[Tomcat].[localhost].[/]       : Initializing Spring embedded WebApplicationContext
2021-02-21 13:53:23.877  INFO 34467 --- [           main] w.s.c.ServletWebServerApplicationContext : Root WebApplicationContext: initialization completed in 938 ms
2021-02-21 13:53:24.050  INFO 34467 --- [           main] o.s.s.concurrent.ThreadPoolTaskExecutor  : Initializing ExecutorService 'applicationTaskExecutor'
2021-02-21 13:53:24.127  INFO 34467 --- [           main] o.s.b.a.w.s.WelcomePageHandlerMapping    : Adding welcome page template: index
2021-02-21 13:53:24.273  INFO 34467 --- [           main] o.s.b.w.embedded.tomcat.TomcatWebServer  : Tomcat started on port(s): 8081 (http) with context path ''
2021-02-21 13:53:24.282  INFO 34467 --- [           main] com.example.demo.DemoApplication         : Started DemoApplication in 1.865 seconds (JVM running for 2.32)
2021-02-21 13:53:34.408  INFO 34467 --- [nio-8081-exec-1] o.a.c.c.C.[Tomcat].[localhost].[/]       : Initializing Spring DispatcherServlet 'dispatcherServlet'
2021-02-21 13:53:34.408  INFO 34467 --- [nio-8081-exec-1] o.s.web.servlet.DispatcherServlet        : Initializing Servlet 'dispatcherServlet'
2021-02-21 13:53:34.409  INFO 34467 --- [nio-8081-exec-1] o.s.web.servlet.DispatcherServlet        : Completed initialization in 1 ms
